Daily update: Sun Feb  9 16:59:16 UTC 2025
Daily update: Sun Feb  9 17:01:16 UTC 2025
Daily update: Sun Feb  9 22:42:16 UTC 2025
Daily update: Mon Feb 10 22:42:10 UTC 2025
Daily update: Tue Feb 11 22:42:25 UTC 2025
Daily update: Wed Feb 12 22:42:36 UTC 2025
Daily update: Thu Feb 13 22:42:32 UTC 2025
Daily update: Fri Feb 14 22:42:27 UTC 2025
Daily update: Sat Feb 15 22:42:10 UTC 2025
Daily update: Sun Feb 16 22:42:08 UTC 2025
Daily update: Mon Feb 17 22:42:10 UTC 2025
Daily update: Tue Feb 18 22:42:30 UTC 2025
Daily update: Wed Feb 19 22:42:15 UTC 2025
Daily update: Thu Feb 20 22:42:20 UTC 2025
Daily update: Fri Feb 21 22:42:22 UTC 2025
Daily update: Sat Feb 22 22:42:34 UTC 2025
Daily update: Sun Feb 23 22:42:16 UTC 2025
Daily update: Mon Feb 24 22:42:32 UTC 2025
Daily update: Tue Feb 25 22:42:39 UTC 2025
Daily update: Wed Feb 26 22:42:47 UTC 2025
